<?xml version="1.0" encoding="UTF-8"?>
<testng-results skipped="3" failed="0" total="3" passed="0">
  <reporter-output>
  </reporter-output>
  <suite name="GOAVM Automation Suite" duration-ms="67541" started-at="2016-08-31T09:24:24Z" finished-at="2016-08-31T09:25:32Z">
    <groups>
    </groups>
    <test name="GOAVM Automation Run on Chrome" duration-ms="67541" started-at="2016-08-31T09:24:24Z" finished-at="2016-08-31T09:25:32Z">
      <class name="products.CM.LoginTest">
        <test-method status="FAIL" signature="setup()[pri:0, instance:products.CM.LoginTest@754844ef]" name="setup" is-config="true" duration-ms="0" started-at="2016-08-31T14:54:24Z" finished-at="2016-08-31T14:54:24Z">
          <exception class="org.openqa.selenium.WebDriverException">
            <message>
              <![CDATA[unknown error: unable to discover open pages
  (Driver info: chromedriver=2.14.313457 (3d645c400edf2e2c500566c9aa096063e707c9cf),platform=Windows NT 6.1 SP1 x86_64) (WARNING: The server did not provide any stacktrace information)
Command duration or timeout: 62.41 seconds
Build info: version: '2.48.2', revision: '41bccdd10cf2c0560f637404c2d96164b67d9d67', time: '2015-10-09 13:08:06'
System info: host: 'Usha_Naidu', ip: '192.168.60.119', os.name: 'Windows 7', os.arch: 'amd64', os.version: '6.1', java.version: '1.7.0_71'
Driver info: org.openqa.selenium.chrome.ChromeDriver]]>
            </message>
            <full-stacktrace>
              <![CDATA[org.openqa.selenium.WebDriverException: unknown error: unable to discover open pages
  (Driver info: chromedriver=2.14.313457 (3d645c400edf2e2c500566c9aa096063e707c9cf),platform=Windows NT 6.1 SP1 x86_64) (WARNING: The server did not provide any stacktrace information)
Command duration or timeout: 62.41 seconds
Build info: version: '2.48.2', revision: '41bccdd10cf2c0560f637404c2d96164b67d9d67', time: '2015-10-09 13:08:06'
System info: host: 'Usha_Naidu', ip: '192.168.60.119', os.name: 'Windows 7', os.arch: 'amd64', os.version: '6.1', java.version: '1.7.0_71'
Driver info: org.openqa.selenium.chrome.ChromeDriver
	at sun.reflect.NativeConstructorAccessorImpl.newInstance0(Native Method)
	at sun.reflect.NativeConstructorAccessorImpl.newInstance(NativeConstructorAccessorImpl.java:57)
	at sun.reflect.DelegatingConstructorAccessorImpl.newInstance(DelegatingConstructorAccessorImpl.java:45)
	at java.lang.reflect.Constructor.newInstance(Constructor.java:526)
	at org.openqa.selenium.remote.ErrorHandler.createThrowable(ErrorHandler.java:206)
	at org.openqa.selenium.remote.ErrorHandler.throwIfResponseFailed(ErrorHandler.java:158)
	at org.openqa.selenium.remote.RemoteWebDriver.execute(RemoteWebDriver.java:647)
	at org.openqa.selenium.remote.RemoteWebDriver.startSession(RemoteWebDriver.java:247)
	at org.openqa.selenium.remote.RemoteWebDriver.<init>(RemoteWebDriver.java:129)
	at org.openqa.selenium.remote.RemoteWebDriver.<init>(RemoteWebDriver.java:142)
	at org.openqa.selenium.chrome.ChromeDriver.<init>(ChromeDriver.java:170)
	at org.openqa.selenium.chrome.ChromeDriver.<init>(ChromeDriver.java:159)
	at org.openqa.selenium.chrome.ChromeDriver.<init>(ChromeDriver.java:116)
	at products.CM.LoginTest.setup(LoginTest.java:30)
	at sun.reflect.NativeMethodAccessorImpl.invoke0(Native Method)
	at sun.reflect.NativeMethodAccessorImpl.invoke(NativeMethodAccessorImpl.java:57)
	at sun.reflect.DelegatingMethodAccessorImpl.invoke(DelegatingMethodAccessorImpl.java:43)
	at java.lang.reflect.Method.invoke(Method.java:606)
	at org.testng.internal.MethodInvocationHelper.invokeMethod(MethodInvocationHelper.java:84)
	at org.testng.internal.Invoker.invokeConfigurationMethod(Invoker.java:564)
	at org.testng.internal.Invoker.invokeConfigurations(Invoker.java:213)
	at org.testng.internal.Invoker.invokeConfigurations(Invoker.java:138)
	at org.testng.internal.TestMethodWorker.invokeBeforeClassMethods(TestMethodWorker.java:175)
	at org.testng.internal.TestMethodWorker.run(TestMethodWorker.java:107)
	at java.util.concurrent.ThreadPoolExecutor.runWorker(ThreadPoolExecutor.java:1145)
	at java.util.concurrent.ThreadPoolExecutor$Worker.run(ThreadPoolExecutor.java:615)
	at java.lang.Thread.run(Thread.java:745)
]]>
            </full-stacktrace>
          </exception> <!-- org.openqa.selenium.WebDriverException -->
          <reporter-output>
          </reporter-output>
        </test-method> <!-- setup -->
        <test-method status="SKIP" signature="ValidEmailBlankPassword()[pri:0, instance:products.CM.LoginTest@754844ef]" name="ValidEmailBlankPassword" duration-ms="2" started-at="2016-08-31T14:55:32Z" finished-at="2016-08-31T14:55:32Z">
          <reporter-output>
          </reporter-output>
        </test-method> <!-- ValidEmailBlankPassword -->
        <test-method status="SKIP" signature="BlankEmailBlankPassword()[pri:0, instance:products.CM.LoginTest@754844ef]" name="BlankEmailBlankPassword" duration-ms="0" started-at="2016-08-31T14:55:32Z" finished-at="2016-08-31T14:55:32Z">
          <reporter-output>
          </reporter-output>
        </test-method> <!-- BlankEmailBlankPassword -->
        <test-method status="SKIP" signature="ValidLogin()[pri:0, instance:products.CM.LoginTest@754844ef]" name="ValidLogin" duration-ms="0" started-at="2016-08-31T14:55:32Z" finished-at="2016-08-31T14:55:32Z">
          <reporter-output>
          </reporter-output>
        </test-method> <!-- ValidLogin -->
        <test-method status="SKIP" signature="teardown()[pri:0, instance:products.CM.LoginTest@754844ef]" name="teardown" is-config="true" duration-ms="0" started-at="2016-08-31T14:55:32Z" finished-at="2016-08-31T14:55:32Z">
          <reporter-output>
          </reporter-output>
        </test-method> <!-- teardown -->
      </class> <!-- products.CM.LoginTest -->
    </test> <!-- GOAVM Automation Run on Chrome -->
  </suite> <!-- GOAVM Automation Suite -->
</testng-results>
