<?xml version="1.0" encoding="UTF-8"?>
<testng-results skipped="0" failed="0" total="3" passed="3">
  <reporter-output>
  </reporter-output>
  <suite name="GOAVM Automation Suite" duration-ms="82259" started-at="2016-08-31T09:21:56Z" finished-at="2016-08-31T09:23:18Z">
    <groups>
    </groups>
    <test name="GOAVM Automation Run on Chrome" duration-ms="82259" started-at="2016-08-31T09:21:56Z" finished-at="2016-08-31T09:23:18Z">
      <class name="products.CM.LoginTest">
        <test-method status="PASS" signature="setup()[pri:0, instance:products.CM.LoginTest@2346d950]" name="setup" is-config="true" duration-ms="28196" started-at="2016-08-31T14:51:56Z" finished-at="2016-08-31T14:52:24Z">
          <reporter-output>
          </reporter-output>
        </test-method> <!-- setup -->
        <test-method status="PASS" signature="ValidEmailBlankPassword()[pri:0, instance:products.CM.LoginTest@2346d950]" name="ValidEmailBlankPassword" duration-ms="11188" started-at="2016-08-31T14:52:24Z" finished-at="2016-08-31T14:52:35Z">
          <reporter-output>
          </reporter-output>
        </test-method> <!-- ValidEmailBlankPassword -->
        <test-method status="PASS" signature="BlankEmailBlankPassword()[pri:0, instance:products.CM.LoginTest@2346d950]" name="BlankEmailBlankPassword" duration-ms="14345" started-at="2016-08-31T14:52:35Z" finished-at="2016-08-31T14:52:50Z">
          <reporter-output>
          </reporter-output>
        </test-method> <!-- BlankEmailBlankPassword -->
        <test-method status="PASS" signature="ValidLogin()[pri:0, instance:products.CM.LoginTest@2346d950]" name="ValidLogin" duration-ms="25132" started-at="2016-08-31T14:52:50Z" finished-at="2016-08-31T14:53:15Z">
          <reporter-output>
          </reporter-output>
        </test-method> <!-- ValidLogin -->
        <test-method status="PASS" signature="teardown()[pri:0, instance:products.CM.LoginTest@2346d950]" name="teardown" is-config="true" duration-ms="3338" started-at="2016-08-31T14:53:15Z" finished-at="2016-08-31T14:53:18Z">
          <reporter-output>
          </reporter-output>
        </test-method> <!-- teardown -->
      </class> <!-- products.CM.LoginTest -->
    </test> <!-- GOAVM Automation Run on Chrome -->
  </suite> <!-- GOAVM Automation Suite -->
</testng-results>
